<?xml version="1.0" encoding="UTF-8"?>
<testng-results ignored="0" total="3" passed="3" failed="0" skipped="0">
  <reporter-output>
  </reporter-output>
  <suite started-at="2024-07-19T14:09:02 IST" name="Suite" finished-at="2024-07-19T14:09:34 IST" duration-ms="32048">
    <groups>
    </groups>
    <test started-at="2024-07-19T14:09:02 IST" name="Test" finished-at="2024-07-19T14:09:34 IST" duration-ms="32048">
      <class name="tests.HomePageTest">
        <test-method is-config="true" signature="InitiliseDriver()[pri:0, instance:tests.HomePageTest@24c4ddae]" started-at="2024-07-19T14:09:02 IST" name="InitiliseDriver" finished-at="2024-07-19T14:09:04 IST" duration-ms="2418" status="PASS">
          <reporter-output>
          </reporter-output>
        </test-method> <!-- InitiliseDriver -->
        <test-method is-config="true" signature="LuanchwebDriver()[pri:0, instance:tests.HomePageTest@24c4ddae]" started-at="2024-07-19T14:09:04 IST" name="LuanchwebDriver" finished-at="2024-07-19T14:09:09 IST" duration-ms="5096" status="PASS">
          <reporter-output>
          </reporter-output>
        </test-method> <!-- LuanchwebDriver -->
        <test-method signature="testversion()[pri:1, instance:tests.HomePageTest@24c4ddae]" started-at="2024-07-19T14:09:09 IST" name="testversion" finished-at="2024-07-19T14:09:10 IST" duration-ms="481" status="PASS">
          <reporter-output>
          </reporter-output>
        </test-method> <!-- testversion -->
        <test-method is-config="true" signature="exitBrowser()[pri:0, instance:tests.HomePageTest@24c4ddae]" started-at="2024-07-19T14:09:10 IST" name="exitBrowser" finished-at="2024-07-19T14:09:10 IST" duration-ms="484" status="PASS">
          <reporter-output>
          </reporter-output>
        </test-method> <!-- exitBrowser -->
        <test-method is-config="true" signature="LuanchwebDriver()[pri:0, instance:tests.HomePageTest@24c4ddae]" started-at="2024-07-19T14:09:10 IST" name="LuanchwebDriver" finished-at="2024-07-19T14:09:16 IST" duration-ms="5538" status="PASS">
          <reporter-output>
          </reporter-output>
        </test-method> <!-- LuanchwebDriver -->
        <test-method signature="testLogo()[pri:2, instance:tests.HomePageTest@24c4ddae]" started-at="2024-07-19T14:09:16 IST" name="testLogo" finished-at="2024-07-19T14:09:16 IST" duration-ms="404" status="PASS">
          <reporter-output>
          </reporter-output>
        </test-method> <!-- testLogo -->
        <test-method is-config="true" signature="exitBrowser()[pri:0, instance:tests.HomePageTest@24c4ddae]" started-at="2024-07-19T14:09:16 IST" name="exitBrowser" finished-at="2024-07-19T14:09:17 IST" duration-ms="263" status="PASS">
          <reporter-output>
          </reporter-output>
        </test-method> <!-- exitBrowser -->
      </class> <!-- tests.HomePageTest -->
      <class name="tests.LoginPageFeatureTest">
        <test-method is-config="true" signature="InitiliseDriver()[pri:0, instance:tests.LoginPageFeatureTest@766653e6]" started-at="2024-07-19T14:09:17 IST" name="InitiliseDriver" finished-at="2024-07-19T14:09:18 IST" duration-ms="1874" status="PASS">
          <reporter-output>
          </reporter-output>
        </test-method> <!-- InitiliseDriver -->
        <test-method is-config="true" signature="LaunchBrowser()[pri:0, instance:tests.LoginPageFeatureTest@766653e6]" started-at="2024-07-19T14:09:18 IST" name="LaunchBrowser" finished-at="2024-07-19T14:09:20 IST" duration-ms="1168" status="PASS">
          <reporter-output>
          </reporter-output>
        </test-method> <!-- LaunchBrowser -->
        <test-method signature="LoginTest()[pri:0, instance:tests.LoginPageFeatureTest@766653e6]" started-at="2024-07-19T14:09:20 IST" name="LoginTest" finished-at="2024-07-19T14:09:33 IST" duration-ms="13629" status="PASS">
          <reporter-output>
          </reporter-output>
        </test-method> <!-- LoginTest -->
        <test-method is-config="true" signature="QuitBrowser()[pri:0, instance:tests.LoginPageFeatureTest@766653e6]" started-at="2024-07-19T14:09:33 IST" name="QuitBrowser" finished-at="2024-07-19T14:09:34 IST" duration-ms="526" status="PASS">
          <reporter-output>
          </reporter-output>
        </test-method> <!-- QuitBrowser -->
      </class> <!-- tests.LoginPageFeatureTest -->
    </test> <!-- Test -->
  </suite> <!-- Suite -->
</testng-results>
